State 115 conflicts: 1 shift/reduce


Grammar

    0 $accept: program $end

    1 program: PROGRAM ID SEMICOLON decl_list compound_stmt

    2 decl_list: decl_list SEMICOLON decl
    3          | decl

    4 decl: dcl_var
    5     | dcl_proc

    6 dcl_var: ident_list COLON type

    7 ident_list: ident_list COMMA ID
    8           | ID

    9 type: INTEGER
   10     | REAL
   11     | BOOLEAN
   12     | CHAR

   13 dcl_proc: tipo_retornado PROC ID espec_parametros corpo

   14 vazio: /* empty */

   15 tipo_retornado: INTEGER
   16               | REAL
   17               | BOOLEAN
   18               | CHAR
   19               | vazio

   20 corpo: COLON decl_list SEMICOLON compound_stmt id_return
   21      | vazio

   22 id_return: ID
   23          | vazio

   24 espec_parametros: LPAR lista_parametros RPAR

   25 lista_parametros: parametro
   26                 | lista_parametros COMMA parametro

   27 parametro: modo type SEMICOLON ID

   28 modo: VALUE
   29     | REFERENCE

   30 compound_stmt: BEGIN_TOK stmt_list END

   31 stmt_list: stmt_list SEMICOLON stmt
   32          | stmt

   33 stmt: assign_stmt
   34     | if_stmt
   35     | repeat_stmt
   36     | read_stmt
   37     | write_stmt
   38     | compound_stmt
   39     | function_ref_par

   40 assign_stmt: ID ATRIB expr

   41 if_stmt: IF cond THEN stmt
   42        | IF cond THEN stmt ELSE stmt

   43 cond: expr

   44 repeat_stmt: REPEAT stmt_list UNTIL expr

   45 read_stmt: READ LPAR ident_list RPAR

   46 write_stmt: WRITE LPAR expr_list RPAR

   47 expr_list: expr
   48          | expr_list COMMA expr

   49 expr: simple_expr
   50     | simple_expr EQ simple_expr
   51     | simple_expr NE simple_expr
   52     | simple_expr GT simple_expr
   53     | simple_expr LT simple_expr
   54     | simple_expr GE simple_expr
   55     | simple_expr LE simple_expr

   56 simple_expr: term
   57            | simple_expr ADDOP term

   58 term: factor_a
   59     | term MULOP factor_a

   60 factor_a: '-' factor
   61         | factor

   62 factor: ID
   63       | constant
   64       | LPAR expr RPAR
   65       | NOT factor
   66       | function_ref_par

   67 function_ref_par: built_in_function LPAR expr RPAR
   68                 | variable LPAR expr_list RPAR

   69 built_in_function: SIN
   70                  | LOG
   71                  | COS
   72                  | ORD
   73                  | ABS
   74                  | SQRT
   75                  | EXP
   76                  | EOFILE
   77                  | EOLN

   78 variable: simple_variable_or_proc

   79 simple_variable_or_proc: ID

   80 constant: INTEGER_CONSTANT
   81         | REAL_CONSTANT
   82         | CHAR_CONSTANT
   83         | boolean_constant

   84 boolean_constant: TRUE
   85                 | FALSE


Terminals, with rules where they appear

$end (0) 0
'-' (45) 60
error (256)
COMMA (258) 7 26 48
COLON (259) 6 20
SEMICOLON (260) 1 2 20 27 31
PROC (261) 13
SIN (262) 69
LOG (263) 70
COS (264) 71
ORD (265) 72
ABS (266) 73
SQRT (267) 74
EXP (268) 75
EOFILE (269) 76
EOLN (270) 77
PROGRAM (271) 1
INTEGER (272) 9 15
REAL (273) 10 16
BOOLEAN (274) 11 17
CHAR (275) 12 18
VALUE (276) 28
REFERENCE (277) 29
BEGIN_TOK (278) 30
END (279) 30
IF (280) 41 42
THEN (281) 41 42
ELSE (282) 42
REPEAT (283) 44
UNTIL (284) 44
READ (285) 45
WRITE (286) 46
FALSE (287) 85
TRUE (288) 84
ATRIB (289) 40
LPAR (290) 24 45 46 64 67 68
RPAR (291) 24 45 46 64 67 68
NOT (292) 65
EQ (293) 50
NE (294) 51
GT (295) 52
LT (296) 53
GE (297) 54
LE (298) 55
ADDOP (299) 57
MULOP (300) 59
ID (301) 1 7 8 13 22 27 40 62 79
INTEGER_CONSTANT (302) 80
REAL_CONSTANT (303) 81
CHAR_CONSTANT (304) 82


Nonterminals, with rules where they appear

$accept (51)
    on left: 0
program (52)
    on left: 1, on right: 0
decl_list (53)
    on left: 2 3, on right: 1 2 20
decl (54)
    on left: 4 5, on right: 2 3
dcl_var (55)
    on left: 6, on right: 4
ident_list (56)
    on left: 7 8, on right: 6 7 45
type (57)
    on left: 9 10 11 12, on right: 6 27
dcl_proc (58)
    on left: 13, on right: 5
vazio (59)
    on left: 14, on right: 19 21 23
tipo_retornado (60)
    on left: 15 16 17 18 19, on right: 13
corpo (61)
    on left: 20 21, on right: 13
id_return (62)
    on left: 22 23, on right: 20
espec_parametros (63)
    on left: 24, on right: 13
lista_parametros (64)
    on left: 25 26, on right: 24 26
parametro (65)
    on left: 27, on right: 25 26
modo (66)
    on left: 28 29, on right: 27
compound_stmt (67)
    on left: 30, on right: 1 20 38
stmt_list (68)
    on left: 31 32, on right: 30 31 44
stmt (69)
    on left: 33 34 35 36 37 38 39, on right: 31 32 41 42
assign_stmt (70)
    on left: 40, on right: 33
if_stmt (71)
    on left: 41 42, on right: 34
cond (72)
    on left: 43, on right: 41 42
repeat_stmt (73)
    on left: 44, on right: 35
read_stmt (74)
    on left: 45, on right: 36
write_stmt (75)
    on left: 46, on right: 37
expr_list (76)
    on left: 47 48, on right: 46 48 68
expr (77)
    on left: 49 50 51 52 53 54 55, on right: 40 43 44 47 48 64 67
simple_expr (78)
    on left: 56 57, on right: 49 50 51 52 53 54 55 57
term (79)
    on left: 58 59, on right: 56 57 59
factor_a (80)
    on left: 60 61, on right: 58 59
factor (81)
    on left: 62 63 64 65 66, on right: 60 61 65
function_ref_par (82)
    on left: 67 68, on right: 39 66
built_in_function (83)
    on left: 69 70 71 72 73 74 75 76 77, on right: 67
variable (84)
    on left: 78, on right: 68
simple_variable_or_proc (85)
    on left: 79, on right: 78
constant (86)
    on left: 80 81 82 83, on right: 63
boolean_constant (87)
    on left: 84 85, on right: 83


state 0

    0 $accept: . program $end

    PROGRAM  shift, and go to state 1

    program  go to state 2


state 1

    1 program: PROGRAM . ID SEMICOLON decl_list compound_stmt

    ID  shift, and go to state 3


state 2

    0 $accept: program . $end

    $end  shift, and go to state 4


state 3

    1 program: PROGRAM ID . SEMICOLON decl_list compound_stmt

    SEMICOLON  shift, and go to state 5


state 4

    0 $accept: program $end .

    $default  accept


state 5

    1 program: PROGRAM ID SEMICOLON . decl_list compound_stmt

    INTEGER  shift, and go to state 6
    REAL     shift, and go to state 7
    BOOLEAN  shift, and go to state 8
    CHAR     shift, and go to state 9
    ID       shift, and go to state 10

    $default  reduce using rule 14 (vazio)

    decl_list       go to state 11
    decl            go to state 12
    dcl_var         go to state 13
    ident_list      go to state 14
    dcl_proc        go to state 15
    vazio           go to state 16
    tipo_retornado  go to state 17


state 6

   15 tipo_retornado: INTEGER .

    $default  reduce using rule 15 (tipo_retornado)


state 7

   16 tipo_retornado: REAL .

    $default  reduce using rule 16 (tipo_retornado)


state 8

   17 tipo_retornado: BOOLEAN .

    $default  reduce using rule 17 (tipo_retornado)


state 9

   18 tipo_retornado: CHAR .

    $default  reduce using rule 18 (tipo_retornado)


state 10

    8 ident_list: ID .

    $default  reduce using rule 8 (ident_list)


state 11

    1 program: PROGRAM ID SEMICOLON decl_list . compound_stmt
    2 decl_list: decl_list . SEMICOLON decl

    SEMICOLON  shift, and go to state 18
    BEGIN_TOK  shift, and go to state 19

    compound_stmt  go to state 20


state 12

    3 decl_list: decl .

    $default  reduce using rule 3 (decl_list)


state 13

    4 decl: dcl_var .

    $default  reduce using rule 4 (decl)


state 14

    6 dcl_var: ident_list . COLON type
    7 ident_list: ident_list . COMMA ID

    COMMA  shift, and go to state 21
    COLON  shift, and go to state 22


state 15

    5 decl: dcl_proc .

    $default  reduce using rule 5 (decl)


state 16

   19 tipo_retornado: vazio .

    $default  reduce using rule 19 (tipo_retornado)


state 17

   13 dcl_proc: tipo_retornado . PROC ID espec_parametros corpo

    PROC  shift, and go to state 23


state 18

    2 decl_list: decl_list SEMICOLON . decl

    INTEGER  shift, and go to state 6
    REAL     shift, and go to state 7
    BOOLEAN  shift, and go to state 8
    CHAR     shift, and go to state 9
    ID       shift, and go to state 10

    $default  reduce using rule 14 (vazio)

    decl            go to state 24
    dcl_var         go to state 13
    ident_list      go to state 14
    dcl_proc        go to state 15
    vazio           go to state 16
    tipo_retornado  go to state 17


state 19

   30 compound_stmt: BEGIN_TOK . stmt_list END

    SIN        shift, and go to state 25
    LOG        shift, and go to state 26
    COS        shift, and go to state 27
    ORD        shift, and go to state 28
    ABS        shift, and go to state 29
    SQRT       shift, and go to state 30
    EXP        shift, and go to state 31
    EOFILE     shift, and go to state 32
    EOLN       shift, and go to state 33
    BEGIN_TOK  shift, and go to state 19
    IF         shift, and go to state 34
    REPEAT     shift, and go to state 35
    READ       shift, and go to state 36
    WRITE      shift, and go to state 37
    ID         shift, and go to state 38

    compound_stmt            go to state 39
    stmt_list                go to state 40
    stmt                     go to state 41
    assign_stmt              go to state 42
    if_stmt                  go to state 43
    repeat_stmt              go to state 44
    read_stmt                go to state 45
    write_stmt               go to state 46
    function_ref_par         go to state 47
    built_in_function        go to state 48
    variable                 go to state 49
    simple_variable_or_proc  go to state 50


state 20

    1 program: PROGRAM ID SEMICOLON decl_list compound_stmt .

    $default  reduce using rule 1 (program)


state 21

    7 ident_list: ident_list COMMA . ID

    ID  shift, and go to state 51


state 22

    6 dcl_var: ident_list COLON . type

    INTEGER  shift, and go to state 52
    REAL     shift, and go to state 53
    BOOLEAN  shift, and go to state 54
    CHAR     shift, and go to state 55

    type  go to state 56


state 23

   13 dcl_proc: tipo_retornado PROC . ID espec_parametros corpo

    ID  shift, and go to state 57


state 24

    2 decl_list: decl_list SEMICOLON decl .

    $default  reduce using rule 2 (decl_list)


state 25

   69 built_in_function: SIN .

    $default  reduce using rule 69 (built_in_function)


state 26

   70 built_in_function: LOG .

    $default  reduce using rule 70 (built_in_function)


state 27

   71 built_in_function: COS .

    $default  reduce using rule 71 (built_in_function)


state 28

   72 built_in_function: ORD .

    $default  reduce using rule 72 (built_in_function)


state 29

   73 built_in_function: ABS .

    $default  reduce using rule 73 (built_in_function)


state 30

   74 built_in_function: SQRT .

    $default  reduce using rule 74 (built_in_function)


state 31

   75 built_in_function: EXP .

    $default  reduce using rule 75 (built_in_function)


state 32

   76 built_in_function: EOFILE .

    $default  reduce using rule 76 (built_in_function)


state 33

   77 built_in_function: EOLN .

    $default  reduce using rule 77 (built_in_function)


state 34

   41 if_stmt: IF . cond THEN stmt
   42        | IF . cond THEN stmt ELSE stmt

    SIN               shift, and go to state 25
    LOG               shift, and go to state 26
    COS               shift, and go to state 27
    ORD               shift, and go to state 28
    ABS               shift, and go to state 29
    SQRT              shift, and go to state 30
    EXP               shift, and go to state 31
    EOFILE            shift, and go to state 32
    EOLN              shift, and go to state 33
    FALSE             shift, and go to state 58
    TRUE              shift, and go to state 59
    LPAR              shift, and go to state 60
    NOT               shift, and go to state 61
    ID                shift, and go to state 62
    INTEGER_CONSTANT  shift, and go to state 63
    REAL_CONSTANT     shift, and go to state 64
    CHAR_CONSTANT     shift, and go to state 65
    '-'               shift, and go to state 66

    cond                     go to state 67
    expr                     go to state 68
    simple_expr              go to state 69
    term                     go to state 70
    factor_a                 go to state 71
    factor                   go to state 72
    function_ref_par         go to state 73
    built_in_function        go to state 48
    variable                 go to state 49
    simple_variable_or_proc  go to state 50
    constant                 go to state 74
    boolean_constant         go to state 75


state 35

   44 repeat_stmt: REPEAT . stmt_list UNTIL expr

    SIN        shift, and go to state 25
    LOG        shift, and go to state 26
    COS        shift, and go to state 27
    ORD        shift, and go to state 28
    ABS        shift, and go to state 29
    SQRT       shift, and go to state 30
    EXP        shift, and go to state 31
    EOFILE     shift, and go to state 32
    EOLN       shift, and go to state 33
    BEGIN_TOK  shift, and go to state 19
    IF         shift, and go to state 34
    REPEAT     shift, and go to state 35
    READ       shift, and go to state 36
    WRITE      shift, and go to state 37
    ID         shift, and go to state 38

    compound_stmt            go to state 39
    stmt_list                go to state 76
    stmt                     go to state 41
    assign_stmt              go to state 42
    if_stmt                  go to state 43
    repeat_stmt              go to state 44
    read_stmt                go to state 45
    write_stmt               go to state 46
    function_ref_par         go to state 47
    built_in_function        go to state 48
    variable                 go to state 49
    simple_variable_or_proc  go to state 50


state 36

   45 read_stmt: READ . LPAR ident_list RPAR

    LPAR  shift, and go to state 77


state 37

   46 write_stmt: WRITE . LPAR expr_list RPAR

    LPAR  shift, and go to state 78


state 38

   40 assign_stmt: ID . ATRIB expr
   79 simple_variable_or_proc: ID .

    ATRIB  shift, and go to state 79

    $default  reduce using rule 79 (simple_variable_or_proc)


state 39

   38 stmt: compound_stmt .

    $default  reduce using rule 38 (stmt)


state 40

   30 compound_stmt: BEGIN_TOK stmt_list . END
   31 stmt_list: stmt_list . SEMICOLON stmt

    SEMICOLON  shift, and go to state 80
    END        shift, and go to state 81


state 41

   32 stmt_list: stmt .

    $default  reduce using rule 32 (stmt_list)


state 42

   33 stmt: assign_stmt .

    $default  reduce using rule 33 (stmt)


state 43

   34 stmt: if_stmt .

    $default  reduce using rule 34 (stmt)


state 44

   35 stmt: repeat_stmt .

    $default  reduce using rule 35 (stmt)


state 45

   36 stmt: read_stmt .

    $default  reduce using rule 36 (stmt)


state 46

   37 stmt: write_stmt .

    $default  reduce using rule 37 (stmt)


state 47

   39 stmt: function_ref_par .

    $default  reduce using rule 39 (stmt)


state 48

   67 function_ref_par: built_in_function . LPAR expr RPAR

    LPAR  shift, and go to state 82


state 49

   68 function_ref_par: variable . LPAR expr_list RPAR

    LPAR  shift, and go to state 83


state 50

   78 variable: simple_variable_or_proc .

    $default  reduce using rule 78 (variable)


state 51

    7 ident_list: ident_list COMMA ID .

    $default  reduce using rule 7 (ident_list)


state 52

    9 type: INTEGER .

    $default  reduce using rule 9 (type)


state 53

   10 type: REAL .

    $default  reduce using rule 10 (type)


state 54

   11 type: BOOLEAN .

    $default  reduce using rule 11 (type)


state 55

   12 type: CHAR .

    $default  reduce using rule 12 (type)


state 56

    6 dcl_var: ident_list COLON type .

    $default  reduce using rule 6 (dcl_var)


state 57

   13 dcl_proc: tipo_retornado PROC ID . espec_parametros corpo

    LPAR  shift, and go to state 84

    espec_parametros  go to state 85


state 58

   85 boolean_constant: FALSE .

    $default  reduce using rule 85 (boolean_constant)


state 59

   84 boolean_constant: TRUE .

    $default  reduce using rule 84 (boolean_constant)


state 60

   64 factor: LPAR . expr RPAR

    SIN               shift, and go to state 25
    LOG               shift, and go to state 26
    COS               shift, and go to state 27
    ORD               shift, and go to state 28
    ABS               shift, and go to state 29
    SQRT              shift, and go to state 30
    EXP               shift, and go to state 31
    EOFILE            shift, and go to state 32
    EOLN              shift, and go to state 33
    FALSE             shift, and go to state 58
    TRUE              shift, and go to state 59
    LPAR              shift, and go to state 60
    NOT               shift, and go to state 61
    ID                shift, and go to state 62
    INTEGER_CONSTANT  shift, and go to state 63
    REAL_CONSTANT     shift, and go to state 64
    CHAR_CONSTANT     shift, and go to state 65
    '-'               shift, and go to state 66

    expr                     go to state 86
    simple_expr              go to state 69
    term                     go to state 70
    factor_a                 go to state 71
    factor                   go to state 72
    function_ref_par         go to state 73
    built_in_function        go to state 48
    variable                 go to state 49
    simple_variable_or_proc  go to state 50
    constant                 go to state 74
    boolean_constant         go to state 75


state 61

   65 factor: NOT . factor

    SIN               shift, and go to state 25
    LOG               shift, and go to state 26
    COS               shift, and go to state 27
    ORD               shift, and go to state 28
    ABS               shift, and go to state 29
    SQRT              shift, and go to state 30
    EXP               shift, and go to state 31
    EOFILE            shift, and go to state 32
    EOLN              shift, and go to state 33
    FALSE             shift, and go to state 58
    TRUE              shift, and go to state 59
    LPAR              shift, and go to state 60
    NOT               shift, and go to state 61
    ID                shift, and go to state 62
    INTEGER_CONSTANT  shift, and go to state 63
    REAL_CONSTANT     shift, and go to state 64
    CHAR_CONSTANT     shift, and go to state 65

    factor                   go to state 87
    function_ref_par         go to state 73
    built_in_function        go to state 48
    variable                 go to state 49
    simple_variable_or_proc  go to state 50
    constant                 go to state 74
    boolean_constant         go to state 75


state 62

   62 factor: ID .
   79 simple_variable_or_proc: ID .

    LPAR      reduce using rule 79 (simple_variable_or_proc)
    $default  reduce using rule 62 (factor)


state 63

   80 constant: INTEGER_CONSTANT .

    $default  reduce using rule 80 (constant)


state 64

   81 constant: REAL_CONSTANT .

    $default  reduce using rule 81 (constant)


state 65

   82 constant: CHAR_CONSTANT .

    $default  reduce using rule 82 (constant)


state 66

   60 factor_a: '-' . factor

    SIN               shift, and go to state 25
    LOG               shift, and go to state 26
    COS               shift, and go to state 27
    ORD               shift, and go to state 28
    ABS               shift, and go to state 29
    SQRT              shift, and go to state 30
    EXP               shift, and go to state 31
    EOFILE            shift, and go to state 32
    EOLN              shift, and go to state 33
    FALSE             shift, and go to state 58
    TRUE              shift, and go to state 59
    LPAR              shift, and go to state 60
    NOT               shift, and go to state 61
    ID                shift, and go to state 62
    INTEGER_CONSTANT  shift, and go to state 63
    REAL_CONSTANT     shift, and go to state 64
    CHAR_CONSTANT     shift, and go to state 65

    factor                   go to state 88
    function_ref_par         go to state 73
    built_in_function        go to state 48
    variable                 go to state 49
    simple_variable_or_proc  go to state 50
    constant                 go to state 74
    boolean_constant         go to state 75


state 67

   41 if_stmt: IF cond . THEN stmt
   42        | IF cond . THEN stmt ELSE stmt

    THEN  shift, and go to state 89


state 68

   43 cond: expr .

    $default  reduce using rule 43 (cond)


state 69

   49 expr: simple_expr .
   50     | simple_expr . EQ simple_expr
   51     | simple_expr . NE simple_expr
   52     | simple_expr . GT simple_expr
   53     | simple_expr . LT simple_expr
   54     | simple_expr . GE simple_expr
   55     | simple_expr . LE simple_expr
   57 simple_expr: simple_expr . ADDOP term

    EQ     shift, and go to state 90
    NE     shift, and go to state 91
    GT     shift, and go to state 92
    LT     shift, and go to state 93
    GE     shift, and go to state 94
    LE     shift, and go to state 95
    ADDOP  shift, and go to state 96

    $default  reduce using rule 49 (expr)


state 70

   56 simple_expr: term .
   59 term: term . MULOP factor_a

    MULOP  shift, and go to state 97

    $default  reduce using rule 56 (simple_expr)


state 71

   58 term: factor_a .

    $default  reduce using rule 58 (term)


state 72

   61 factor_a: factor .

    $default  reduce using rule 61 (factor_a)


state 73

   66 factor: function_ref_par .

    $default  reduce using rule 66 (factor)


state 74

   63 factor: constant .

    $default  reduce using rule 63 (factor)


state 75

   83 constant: boolean_constant .

    $default  reduce using rule 83 (constant)


state 76

   31 stmt_list: stmt_list . SEMICOLON stmt
   44 repeat_stmt: REPEAT stmt_list . UNTIL expr

    SEMICOLON  shift, and go to state 80
    UNTIL      shift, and go to state 98


state 77

   45 read_stmt: READ LPAR . ident_list RPAR

    ID  shift, and go to state 10

    ident_list  go to state 99


state 78

   46 write_stmt: WRITE LPAR . expr_list RPAR

    SIN               shift, and go to state 25
    LOG               shift, and go to state 26
    COS               shift, and go to state 27
    ORD               shift, and go to state 28
    ABS               shift, and go to state 29
    SQRT              shift, and go to state 30
    EXP               shift, and go to state 31
    EOFILE            shift, and go to state 32
    EOLN              shift, and go to state 33
    FALSE             shift, and go to state 58
    TRUE              shift, and go to state 59
    LPAR              shift, and go to state 60
    NOT               shift, and go to state 61
    ID                shift, and go to state 62
    INTEGER_CONSTANT  shift, and go to state 63
    REAL_CONSTANT     shift, and go to state 64
    CHAR_CONSTANT     shift, and go to state 65
    '-'               shift, and go to state 66

    expr_list                go to state 100
    expr                     go to state 101
    simple_expr              go to state 69
    term                     go to state 70
    factor_a                 go to state 71
    factor                   go to state 72
    function_ref_par         go to state 73
    built_in_function        go to state 48
    variable                 go to state 49
    simple_variable_or_proc  go to state 50
    constant                 go to state 74
    boolean_constant         go to state 75


state 79

   40 assign_stmt: ID ATRIB . expr

    SIN               shift, and go to state 25
    LOG               shift, and go to state 26
    COS               shift, and go to state 27
    ORD               shift, and go to state 28
    ABS               shift, and go to state 29
    SQRT              shift, and go to state 30
    EXP               shift, and go to state 31
    EOFILE            shift, and go to state 32
    EOLN              shift, and go to state 33
    FALSE             shift, and go to state 58
    TRUE              shift, and go to state 59
    LPAR              shift, and go to state 60
    NOT               shift, and go to state 61
    ID                shift, and go to state 62
    INTEGER_CONSTANT  shift, and go to state 63
    REAL_CONSTANT     shift, and go to state 64
    CHAR_CONSTANT     shift, and go to state 65
    '-'               shift, and go to state 66

    expr                     go to state 102
    simple_expr              go to state 69
    term                     go to state 70
    factor_a                 go to state 71
    factor                   go to state 72
    function_ref_par         go to state 73
    built_in_function        go to state 48
    variable                 go to state 49
    simple_variable_or_proc  go to state 50
    constant                 go to state 74
    boolean_constant         go to state 75


state 80

   31 stmt_list: stmt_list SEMICOLON . stmt

    SIN        shift, and go to state 25
    LOG        shift, and go to state 26
    COS        shift, and go to state 27
    ORD        shift, and go to state 28
    ABS        shift, and go to state 29
    SQRT       shift, and go to state 30
    EXP        shift, and go to state 31
    EOFILE     shift, and go to state 32
    EOLN       shift, and go to state 33
    BEGIN_TOK  shift, and go to state 19
    IF         shift, and go to state 34
    REPEAT     shift, and go to state 35
    READ       shift, and go to state 36
    WRITE      shift, and go to state 37
    ID         shift, and go to state 38

    compound_stmt            go to state 39
    stmt                     go to state 103
    assign_stmt              go to state 42
    if_stmt                  go to state 43
    repeat_stmt              go to state 44
    read_stmt                go to state 45
    write_stmt               go to state 46
    function_ref_par         go to state 47
    built_in_function        go to state 48
    variable                 go to state 49
    simple_variable_or_proc  go to state 50


state 81

   30 compound_stmt: BEGIN_TOK stmt_list END .

    $default  reduce using rule 30 (compound_stmt)


state 82

   67 function_ref_par: built_in_function LPAR . expr RPAR

    SIN               shift, and go to state 25
    LOG               shift, and go to state 26
    COS               shift, and go to state 27
    ORD               shift, and go to state 28
    ABS               shift, and go to state 29
    SQRT              shift, and go to state 30
    EXP               shift, and go to state 31
    EOFILE            shift, and go to state 32
    EOLN              shift, and go to state 33
    FALSE             shift, and go to state 58
    TRUE              shift, and go to state 59
    LPAR              shift, and go to state 60
    NOT               shift, and go to state 61
    ID                shift, and go to state 62
    INTEGER_CONSTANT  shift, and go to state 63
    REAL_CONSTANT     shift, and go to state 64
    CHAR_CONSTANT     shift, and go to state 65
    '-'               shift, and go to state 66

    expr                     go to state 104
    simple_expr              go to state 69
    term                     go to state 70
    factor_a                 go to state 71
    factor                   go to state 72
    function_ref_par         go to state 73
    built_in_function        go to state 48
    variable                 go to state 49
    simple_variable_or_proc  go to state 50
    constant                 go to state 74
    boolean_constant         go to state 75


state 83

   68 function_ref_par: variable LPAR . expr_list RPAR

    SIN               shift, and go to state 25
    LOG               shift, and go to state 26
    COS               shift, and go to state 27
    ORD               shift, and go to state 28
    ABS               shift, and go to state 29
    SQRT              shift, and go to state 30
    EXP               shift, and go to state 31
    EOFILE            shift, and go to state 32
    EOLN              shift, and go to state 33
    FALSE             shift, and go to state 58
    TRUE              shift, and go to state 59
    LPAR              shift, and go to state 60
    NOT               shift, and go to state 61
    ID                shift, and go to state 62
    INTEGER_CONSTANT  shift, and go to state 63
    REAL_CONSTANT     shift, and go to state 64
    CHAR_CONSTANT     shift, and go to state 65
    '-'               shift, and go to state 66

    expr_list                go to state 105
    expr                     go to state 101
    simple_expr              go to state 69
    term                     go to state 70
    factor_a                 go to state 71
    factor                   go to state 72
    function_ref_par         go to state 73
    built_in_function        go to state 48
    variable                 go to state 49
    simple_variable_or_proc  go to state 50
    constant                 go to state 74
    boolean_constant         go to state 75


state 84

   24 espec_parametros: LPAR . lista_parametros RPAR

    VALUE      shift, and go to state 106
    REFERENCE  shift, and go to state 107

    lista_parametros  go to state 108
    parametro         go to state 109
    modo              go to state 110


state 85

   13 dcl_proc: tipo_retornado PROC ID espec_parametros . corpo

    COLON  shift, and go to state 111

    $default  reduce using rule 14 (vazio)

    vazio  go to state 112
    corpo  go to state 113


state 86

   64 factor: LPAR expr . RPAR

    RPAR  shift, and go to state 114


state 87

   65 factor: NOT factor .

    $default  reduce using rule 65 (factor)


state 88

   60 factor_a: '-' factor .

    $default  reduce using rule 60 (factor_a)


state 89

   41 if_stmt: IF cond THEN . stmt
   42        | IF cond THEN . stmt ELSE stmt

    SIN        shift, and go to state 25
    LOG        shift, and go to state 26
    COS        shift, and go to state 27
    ORD        shift, and go to state 28
    ABS        shift, and go to state 29
    SQRT       shift, and go to state 30
    EXP        shift, and go to state 31
    EOFILE     shift, and go to state 32
    EOLN       shift, and go to state 33
    BEGIN_TOK  shift, and go to state 19
    IF         shift, and go to state 34
    REPEAT     shift, and go to state 35
    READ       shift, and go to state 36
    WRITE      shift, and go to state 37
    ID         shift, and go to state 38

    compound_stmt            go to state 39
    stmt                     go to state 115
    assign_stmt              go to state 42
    if_stmt                  go to state 43
    repeat_stmt              go to state 44
    read_stmt                go to state 45
    write_stmt               go to state 46
    function_ref_par         go to state 47
    built_in_function        go to state 48
    variable                 go to state 49
    simple_variable_or_proc  go to state 50


state 90

   50 expr: simple_expr EQ . simple_expr

    SIN               shift, and go to state 25
    LOG               shift, and go to state 26
    COS               shift, and go to state 27
    ORD               shift, and go to state 28
    ABS               shift, and go to state 29
    SQRT              shift, and go to state 30
    EXP               shift, and go to state 31
    EOFILE            shift, and go to state 32
    EOLN              shift, and go to state 33
    FALSE             shift, and go to state 58
    TRUE              shift, and go to state 59
    LPAR              shift, and go to state 60
    NOT               shift, and go to state 61
    ID                shift, and go to state 62
    INTEGER_CONSTANT  shift, and go to state 63
    REAL_CONSTANT     shift, and go to state 64
    CHAR_CONSTANT     shift, and go to state 65
    '-'               shift, and go to state 66

    simple_expr              go to state 116
    term                     go to state 70
    factor_a                 go to state 71
    factor                   go to state 72
    function_ref_par         go to state 73
    built_in_function        go to state 48
    variable                 go to state 49
    simple_variable_or_proc  go to state 50
    constant                 go to state 74
    boolean_constant         go to state 75


state 91

   51 expr: simple_expr NE . simple_expr

    SIN               shift, and go to state 25
    LOG               shift, and go to state 26
    COS               shift, and go to state 27
    ORD               shift, and go to state 28
    ABS               shift, and go to state 29
    SQRT              shift, and go to state 30
    EXP               shift, and go to state 31
    EOFILE            shift, and go to state 32
    EOLN              shift, and go to state 33
    FALSE             shift, and go to state 58
    TRUE              shift, and go to state 59
    LPAR              shift, and go to state 60
    NOT               shift, and go to state 61
    ID                shift, and go to state 62
    INTEGER_CONSTANT  shift, and go to state 63
    REAL_CONSTANT     shift, and go to state 64
    CHAR_CONSTANT     shift, and go to state 65
    '-'               shift, and go to state 66

    simple_expr              go to state 117
    term                     go to state 70
    factor_a                 go to state 71
    factor                   go to state 72
    function_ref_par         go to state 73
    built_in_function        go to state 48
    variable                 go to state 49
    simple_variable_or_proc  go to state 50
    constant                 go to state 74
    boolean_constant         go to state 75


state 92

   52 expr: simple_expr GT . simple_expr

    SIN               shift, and go to state 25
    LOG               shift, and go to state 26
    COS               shift, and go to state 27
    ORD               shift, and go to state 28
    ABS               shift, and go to state 29
    SQRT              shift, and go to state 30
    EXP               shift, and go to state 31
    EOFILE            shift, and go to state 32
    EOLN              shift, and go to state 33
    FALSE             shift, and go to state 58
    TRUE              shift, and go to state 59
    LPAR              shift, and go to state 60
    NOT               shift, and go to state 61
    ID                shift, and go to state 62
    INTEGER_CONSTANT  shift, and go to state 63
    REAL_CONSTANT     shift, and go to state 64
    CHAR_CONSTANT     shift, and go to state 65
    '-'               shift, and go to state 66

    simple_expr              go to state 118
    term                     go to state 70
    factor_a                 go to state 71
    factor                   go to state 72
    function_ref_par         go to state 73
    built_in_function        go to state 48
    variable                 go to state 49
    simple_variable_or_proc  go to state 50
    constant                 go to state 74
    boolean_constant         go to state 75


state 93

   53 expr: simple_expr LT . simple_expr

    SIN               shift, and go to state 25
    LOG               shift, and go to state 26
    COS               shift, and go to state 27
    ORD               shift, and go to state 28
    ABS               shift, and go to state 29
    SQRT              shift, and go to state 30
    EXP               shift, and go to state 31
    EOFILE            shift, and go to state 32
    EOLN              shift, and go to state 33
    FALSE             shift, and go to state 58
    TRUE              shift, and go to state 59
    LPAR              shift, and go to state 60
    NOT               shift, and go to state 61
    ID                shift, and go to state 62
    INTEGER_CONSTANT  shift, and go to state 63
    REAL_CONSTANT     shift, and go to state 64
    CHAR_CONSTANT     shift, and go to state 65
    '-'               shift, and go to state 66

    simple_expr              go to state 119
    term                     go to state 70
    factor_a                 go to state 71
    factor                   go to state 72
    function_ref_par         go to state 73
    built_in_function        go to state 48
    variable                 go to state 49
    simple_variable_or_proc  go to state 50
    constant                 go to state 74
    boolean_constant         go to state 75


state 94

   54 expr: simple_expr GE . simple_expr

    SIN               shift, and go to state 25
    LOG               shift, and go to state 26
    COS               shift, and go to state 27
    ORD               shift, and go to state 28
    ABS               shift, and go to state 29
    SQRT              shift, and go to state 30
    EXP               shift, and go to state 31
    EOFILE            shift, and go to state 32
    EOLN              shift, and go to state 33
    FALSE             shift, and go to state 58
    TRUE              shift, and go to state 59
    LPAR              shift, and go to state 60
    NOT               shift, and go to state 61
    ID                shift, and go to state 62
    INTEGER_CONSTANT  shift, and go to state 63
    REAL_CONSTANT     shift, and go to state 64
    CHAR_CONSTANT     shift, and go to state 65
    '-'               shift, and go to state 66

    simple_expr              go to state 120
    term                     go to state 70
    factor_a                 go to state 71
    factor                   go to state 72
    function_ref_par         go to state 73
    built_in_function        go to state 48
    variable                 go to state 49
    simple_variable_or_proc  go to state 50
    constant                 go to state 74
    boolean_constant         go to state 75


state 95

   55 expr: simple_expr LE . simple_expr

    SIN               shift, and go to state 25
    LOG               shift, and go to state 26
    COS               shift, and go to state 27
    ORD               shift, and go to state 28
    ABS               shift, and go to state 29
    SQRT              shift, and go to state 30
    EXP               shift, and go to state 31
    EOFILE            shift, and go to state 32
    EOLN              shift, and go to state 33
    FALSE             shift, and go to state 58
    TRUE              shift, and go to state 59
    LPAR              shift, and go to state 60
    NOT               shift, and go to state 61
    ID                shift, and go to state 62
    INTEGER_CONSTANT  shift, and go to state 63
    REAL_CONSTANT     shift, and go to state 64
    CHAR_CONSTANT     shift, and go to state 65
    '-'               shift, and go to state 66

    simple_expr              go to state 121
    term                     go to state 70
    factor_a                 go to state 71
    factor                   go to state 72
    function_ref_par         go to state 73
    built_in_function        go to state 48
    variable                 go to state 49
    simple_variable_or_proc  go to state 50
    constant                 go to state 74
    boolean_constant         go to state 75


state 96

   57 simple_expr: simple_expr ADDOP . term

    SIN               shift, and go to state 25
    LOG               shift, and go to state 26
    COS               shift, and go to state 27
    ORD               shift, and go to state 28
    ABS               shift, and go to state 29
    SQRT              shift, and go to state 30
    EXP               shift, and go to state 31
    EOFILE            shift, and go to state 32
    EOLN              shift, and go to state 33
    FALSE             shift, and go to state 58
    TRUE              shift, and go to state 59
    LPAR              shift, and go to state 60
    NOT               shift, and go to state 61
    ID                shift, and go to state 62
    INTEGER_CONSTANT  shift, and go to state 63
    REAL_CONSTANT     shift, and go to state 64
    CHAR_CONSTANT     shift, and go to state 65
    '-'               shift, and go to state 66

    term                     go to state 122
    factor_a                 go to state 71
    factor                   go to state 72
    function_ref_par         go to state 73
    built_in_function        go to state 48
    variable                 go to state 49
    simple_variable_or_proc  go to state 50
    constant                 go to state 74
    boolean_constant         go to state 75


state 97

   59 term: term MULOP . factor_a

    SIN               shift, and go to state 25
    LOG               shift, and go to state 26
    COS               shift, and go to state 27
    ORD               shift, and go to state 28
    ABS               shift, and go to state 29
    SQRT              shift, and go to state 30
    EXP               shift, and go to state 31
    EOFILE            shift, and go to state 32
    EOLN              shift, and go to state 33
    FALSE             shift, and go to state 58
    TRUE              shift, and go to state 59
    LPAR              shift, and go to state 60
    NOT               shift, and go to state 61
    ID                shift, and go to state 62
    INTEGER_CONSTANT  shift, and go to state 63
    REAL_CONSTANT     shift, and go to state 64
    CHAR_CONSTANT     shift, and go to state 65
    '-'               shift, and go to state 66

    factor_a                 go to state 123
    factor                   go to state 72
    function_ref_par         go to state 73
    built_in_function        go to state 48
    variable                 go to state 49
    simple_variable_or_proc  go to state 50
    constant                 go to state 74
    boolean_constant         go to state 75


state 98

   44 repeat_stmt: REPEAT stmt_list UNTIL . expr

    SIN               shift, and go to state 25
    LOG               shift, and go to state 26
    COS               shift, and go to state 27
    ORD               shift, and go to state 28
    ABS               shift, and go to state 29
    SQRT              shift, and go to state 30
    EXP               shift, and go to state 31
    EOFILE            shift, and go to state 32
    EOLN              shift, and go to state 33
    FALSE             shift, and go to state 58
    TRUE              shift, and go to state 59
    LPAR              shift, and go to state 60
    NOT               shift, and go to state 61
    ID                shift, and go to state 62
    INTEGER_CONSTANT  shift, and go to state 63
    REAL_CONSTANT     shift, and go to state 64
    CHAR_CONSTANT     shift, and go to state 65
    '-'               shift, and go to state 66

    expr                     go to state 124
    simple_expr              go to state 69
    term                     go to state 70
    factor_a                 go to state 71
    factor                   go to state 72
    function_ref_par         go to state 73
    built_in_function        go to state 48
    variable                 go to state 49
    simple_variable_or_proc  go to state 50
    constant                 go to state 74
    boolean_constant         go to state 75


state 99

    7 ident_list: ident_list . COMMA ID
   45 read_stmt: READ LPAR ident_list . RPAR

    COMMA  shift, and go to state 21
    RPAR   shift, and go to state 125


state 100

   46 write_stmt: WRITE LPAR expr_list . RPAR
   48 expr_list: expr_list . COMMA expr

    COMMA  shift, and go to state 126
    RPAR   shift, and go to state 127


state 101

   47 expr_list: expr .

    $default  reduce using rule 47 (expr_list)


state 102

   40 assign_stmt: ID ATRIB expr .

    $default  reduce using rule 40 (assign_stmt)


state 103

   31 stmt_list: stmt_list SEMICOLON stmt .

    $default  reduce using rule 31 (stmt_list)


state 104

   67 function_ref_par: built_in_function LPAR expr . RPAR

    RPAR  shift, and go to state 128


state 105

   48 expr_list: expr_list . COMMA expr
   68 function_ref_par: variable LPAR expr_list . RPAR

    COMMA  shift, and go to state 126
    RPAR   shift, and go to state 129


state 106

   28 modo: VALUE .

    $default  reduce using rule 28 (modo)


state 107

   29 modo: REFERENCE .

    $default  reduce using rule 29 (modo)


state 108

   24 espec_parametros: LPAR lista_parametros . RPAR
   26 lista_parametros: lista_parametros . COMMA parametro

    COMMA  shift, and go to state 130
    RPAR   shift, and go to state 131


state 109

   25 lista_parametros: parametro .

    $default  reduce using rule 25 (lista_parametros)


state 110

   27 parametro: modo . type SEMICOLON ID

    INTEGER  shift, and go to state 52
    REAL     shift, and go to state 53
    BOOLEAN  shift, and go to state 54
    CHAR     shift, and go to state 55

    type  go to state 132


state 111

   20 corpo: COLON . decl_list SEMICOLON compound_stmt id_return

    INTEGER  shift, and go to state 6
    REAL     shift, and go to state 7
    BOOLEAN  shift, and go to state 8
    CHAR     shift, and go to state 9
    ID       shift, and go to state 10

    $default  reduce using rule 14 (vazio)

    decl_list       go to state 133
    decl            go to state 12
    dcl_var         go to state 13
    ident_list      go to state 14
    dcl_proc        go to state 15
    vazio           go to state 16
    tipo_retornado  go to state 17


state 112

   21 corpo: vazio .

    $default  reduce using rule 21 (corpo)


state 113

   13 dcl_proc: tipo_retornado PROC ID espec_parametros corpo .

    $default  reduce using rule 13 (dcl_proc)


state 114

   64 factor: LPAR expr RPAR .

    $default  reduce using rule 64 (factor)


state 115

   41 if_stmt: IF cond THEN stmt .
   42        | IF cond THEN stmt . ELSE stmt

    ELSE  shift, and go to state 134

    ELSE      [reduce using rule 41 (if_stmt)]
    $default  reduce using rule 41 (if_stmt)


state 116

   50 expr: simple_expr EQ simple_expr .
   57 simple_expr: simple_expr . ADDOP term

    ADDOP  shift, and go to state 96

    $default  reduce using rule 50 (expr)


state 117

   51 expr: simple_expr NE simple_expr .
   57 simple_expr: simple_expr . ADDOP term

    ADDOP  shift, and go to state 96

    $default  reduce using rule 51 (expr)


state 118

   52 expr: simple_expr GT simple_expr .
   57 simple_expr: simple_expr . ADDOP term

    ADDOP  shift, and go to state 96

    $default  reduce using rule 52 (expr)


state 119

   53 expr: simple_expr LT simple_expr .
   57 simple_expr: simple_expr . ADDOP term

    ADDOP  shift, and go to state 96

    $default  reduce using rule 53 (expr)


state 120

   54 expr: simple_expr GE simple_expr .
   57 simple_expr: simple_expr . ADDOP term

    ADDOP  shift, and go to state 96

    $default  reduce using rule 54 (expr)


state 121

   55 expr: simple_expr LE simple_expr .
   57 simple_expr: simple_expr . ADDOP term

    ADDOP  shift, and go to state 96

    $default  reduce using rule 55 (expr)


state 122

   57 simple_expr: simple_expr ADDOP term .
   59 term: term . MULOP factor_a

    MULOP  shift, and go to state 97

    $default  reduce using rule 57 (simple_expr)


state 123

   59 term: term MULOP factor_a .

    $default  reduce using rule 59 (term)


state 124

   44 repeat_stmt: REPEAT stmt_list UNTIL expr .

    $default  reduce using rule 44 (repeat_stmt)


state 125

   45 read_stmt: READ LPAR ident_list RPAR .

    $default  reduce using rule 45 (read_stmt)


state 126

   48 expr_list: expr_list COMMA . expr

    SIN               shift, and go to state 25
    LOG               shift, and go to state 26
    COS               shift, and go to state 27
    ORD               shift, and go to state 28
    ABS               shift, and go to state 29
    SQRT              shift, and go to state 30
    EXP               shift, and go to state 31
    EOFILE            shift, and go to state 32
    EOLN              shift, and go to state 33
    FALSE             shift, and go to state 58
    TRUE              shift, and go to state 59
    LPAR              shift, and go to state 60
    NOT               shift, and go to state 61
    ID                shift, and go to state 62
    INTEGER_CONSTANT  shift, and go to state 63
    REAL_CONSTANT     shift, and go to state 64
    CHAR_CONSTANT     shift, and go to state 65
    '-'               shift, and go to state 66

    expr                     go to state 135
    simple_expr              go to state 69
    term                     go to state 70
    factor_a                 go to state 71
    factor                   go to state 72
    function_ref_par         go to state 73
    built_in_function        go to state 48
    variable                 go to state 49
    simple_variable_or_proc  go to state 50
    constant                 go to state 74
    boolean_constant         go to state 75


state 127

   46 write_stmt: WRITE LPAR expr_list RPAR .

    $default  reduce using rule 46 (write_stmt)


state 128

   67 function_ref_par: built_in_function LPAR expr RPAR .

    $default  reduce using rule 67 (function_ref_par)


state 129

   68 function_ref_par: variable LPAR expr_list RPAR .

    $default  reduce using rule 68 (function_ref_par)


state 130

   26 lista_parametros: lista_parametros COMMA . parametro

    VALUE      shift, and go to state 106
    REFERENCE  shift, and go to state 107

    parametro  go to state 136
    modo       go to state 110


state 131

   24 espec_parametros: LPAR lista_parametros RPAR .

    $default  reduce using rule 24 (espec_parametros)


state 132

   27 parametro: modo type . SEMICOLON ID

    SEMICOLON  shift, and go to state 137


state 133

    2 decl_list: decl_list . SEMICOLON decl
   20 corpo: COLON decl_list . SEMICOLON compound_stmt id_return

    SEMICOLON  shift, and go to state 138


state 134

   42 if_stmt: IF cond THEN stmt ELSE . stmt

    SIN        shift, and go to state 25
    LOG        shift, and go to state 26
    COS        shift, and go to state 27
    ORD        shift, and go to state 28
    ABS        shift, and go to state 29
    SQRT       shift, and go to state 30
    EXP        shift, and go to state 31
    EOFILE     shift, and go to state 32
    EOLN       shift, and go to state 33
    BEGIN_TOK  shift, and go to state 19
    IF         shift, and go to state 34
    REPEAT     shift, and go to state 35
    READ       shift, and go to state 36
    WRITE      shift, and go to state 37
    ID         shift, and go to state 38

    compound_stmt            go to state 39
    stmt                     go to state 139
    assign_stmt              go to state 42
    if_stmt                  go to state 43
    repeat_stmt              go to state 44
    read_stmt                go to state 45
    write_stmt               go to state 46
    function_ref_par         go to state 47
    built_in_function        go to state 48
    variable                 go to state 49
    simple_variable_or_proc  go to state 50


state 135

   48 expr_list: expr_list COMMA expr .

    $default  reduce using rule 48 (expr_list)


state 136

   26 lista_parametros: lista_parametros COMMA parametro .

    $default  reduce using rule 26 (lista_parametros)


state 137

   27 parametro: modo type SEMICOLON . ID

    ID  shift, and go to state 140


state 138

    2 decl_list: decl_list SEMICOLON . decl
   20 corpo: COLON decl_list SEMICOLON . compound_stmt id_return

    INTEGER    shift, and go to state 6
    REAL       shift, and go to state 7
    BOOLEAN    shift, and go to state 8
    CHAR       shift, and go to state 9
    BEGIN_TOK  shift, and go to state 19
    ID         shift, and go to state 10

    $default  reduce using rule 14 (vazio)

    decl            go to state 24
    dcl_var         go to state 13
    ident_list      go to state 14
    dcl_proc        go to state 15
    vazio           go to state 16
    tipo_retornado  go to state 17
    compound_stmt   go to state 141


state 139

   42 if_stmt: IF cond THEN stmt ELSE stmt .

    $default  reduce using rule 42 (if_stmt)


state 140

   27 parametro: modo type SEMICOLON ID .

    $default  reduce using rule 27 (parametro)


state 141

   20 corpo: COLON decl_list SEMICOLON compound_stmt . id_return

    ID  shift, and go to state 142

    $default  reduce using rule 14 (vazio)

    vazio      go to state 143
    id_return  go to state 144


state 142

   22 id_return: ID .

    $default  reduce using rule 22 (id_return)


state 143

   23 id_return: vazio .

    $default  reduce using rule 23 (id_return)


state 144

   20 corpo: COLON decl_list SEMICOLON compound_stmt id_return .

    $default  reduce using rule 20 (corpo)
