This is pdfTeX, Version 3.1415926-1.40.10 (TeX Live 2009/Debian) (format=pdflatex 2011.5.24)  20 DEC 2012 03:11
entering extended mode
 %&-line parsing enabled.
**\nonstopmode \input{"/home/ppires/TPs/ManutencaoEvolucaoSoftware/Projeto/Temp
late_SBC/template-latex/sbc-template.tex"}

(/home/ppires/TPs/ManutencaoEvolucaoSoftware/Projeto/Template_SBC/template-late
x/sbc-template.tex (/usr/share/texmf-texlive/tex/latex/base/article.cls
Document Class: article 2007/10/19 v1.4h Standard LaTeX document class
(/usr/share/texmf-texlive/tex/latex/base/size12.clo
File: size12.clo 2007/10/19 v1.4h Standard LaTeX file (size option)
)
\c@part=\count79
\c@section=\count80
\c@subsection=\count81
\c@subsubsection=\count82
\c@paragraph=\count83
\c@subparagraph=\count84
\c@figure=\count85
\c@table=\count86
\abovecaptionskip=\skip41
\belowcaptionskip=\skip42
\bibindent=\dimen102
)
(/home/ppires/TPs/ManutencaoEvolucaoSoftware/Projeto/Template_SBC/template-late
x/sbc-template.sty
Package: sbc-template 2001/06/09
 (/usr/share/texmf-texlive/tex/latex/geometry/geometry.sty
Package: geometry 2008/12/21 v4.2 Page Geometry

(/usr/share/texmf-texlive/tex/latex/graphics/keyval.sty
Package: keyval 1999/03/16 v1.13 key=value parser (DPC)
\KV@toks@=\toks14
)
(/usr/share/texmf-texlive/tex/generic/oberdiek/ifpdf.sty
Package: ifpdf 2009/04/10 v2.0 Provides the ifpdf switch (HO)
Package ifpdf Info: pdfTeX in pdf mode detected.
)
(/usr/share/texmf-texlive/tex/generic/oberdiek/ifvtex.sty
Package: ifvtex 2008/11/04 v1.4 Switches for detecting VTeX and its modes (HO)
Package ifvtex Info: VTeX not detected.
)
\Gm@cnth=\count87
\Gm@cntv=\count88
\c@Gm@tempcnt=\count89
\Gm@bindingoffset=\dimen103
\Gm@wd@mp=\dimen104
\Gm@odd@mp=\dimen105
\Gm@even@mp=\dimen106
\Gm@dimlist=\toks15
)
(/home/ppires/TPs/ManutencaoEvolucaoSoftware/Projeto/Template_SBC/template-late
x/caption2.sty
Package: caption2 2002/08/03 v2.1 Customising captions (AS)
\captionmargin=\dimen107
\captionwidth=\dimen108
\captionindent=\dimen109
Package caption2 Info: Running in caption2 v2.0 compatibility mode on input lin
e 147.
\captionlinewidth=\dimen110
) (/usr/share/texmf-texlive/tex/latex/psnfss/times.sty
Package: times 2005/04/12 PSNFSS-v9.2a (SPQR) 
)
\c@instn=\count90

(/usr/share/texmf-texlive/tex/latex/titlesec/titlesec.sty
Package: titlesec 2007/08/12 v2.8 Sectioning titles
\ttl@box=\box26
\beforetitleunit=\skip43
\aftertitleunit=\skip44
\ttl@plus=\dimen111
\ttl@minus=\dimen112
\ttl@toksa=\toks16
\titlewidth=\dimen113
\titlewidthlast=\dimen114
\titlewidthfirst=\dimen115
))
(/usr/share/texmf-texlive/tex/latex/graphics/graphicx.sty
Package: graphicx 1999/02/16 v1.0f Enhanced LaTeX Graphics (DPC,SPQR)

(/usr/share/texmf-texlive/tex/latex/graphics/graphics.sty
Package: graphics 2009/02/05 v1.0o Standard LaTeX Graphics (DPC,SPQR)

(/usr/share/texmf-texlive/tex/latex/graphics/trig.sty
Package: trig 1999/03/16 v1.09 sin cos tan (DPC)
)
(/etc/texmf/tex/latex/config/graphics.cfg
File: graphics.cfg 2009/08/28 v1.8 graphics configuration of TeX Live
)
Package graphics Info: Driver file: pdftex.def on input line 91.

(/usr/share/texmf-texlive/tex/latex/pdftex-def/pdftex.def
File: pdftex.def 2009/08/25 v0.04m Graphics/color for pdfTeX
\Gread@gobject=\count91
))
\Gin@req@height=\dimen116
\Gin@req@width=\dimen117
)
(/usr/share/texmf-texlive/tex/latex/ltxmisc/url.sty
\Urlmuskip=\muskip10
Package: url 2006/04/12  ver 3.3  Verb mode for urls, etc.
)
(/usr/share/texmf-texlive/tex/latex/base/inputenc.sty
Package: inputenc 2008/03/30 v1.1d Input encoding file
\inpenc@prehook=\toks17
\inpenc@posthook=\toks18

(/usr/share/texmf-texlive/tex/latex/base/latin1.def
File: latin1.def 2008/03/30 v1.1d Input encoding file
))
(/home/ppires/TPs/ManutencaoEvolucaoSoftware/Projeto/Template_SBC/template-late
x/sbc-template.aux)
\openout1 = `sbc-template.aux'.

LaTeX Font Info:    Checking defaults for OML/cmm/m/it on input line 25.
LaTeX Font Info:    ... okay on input line 25.
LaTeX Font Info:    Checking defaults for T1/cmr/m/n on input line 25.
LaTeX Font Info:    ... okay on input line 25.
LaTeX Font Info:    Checking defaults for OT1/cmr/m/n on input line 25.
LaTeX Font Info:    ... okay on input line 25.
LaTeX Font Info:    Checking defaults for OMS/cmsy/m/n on input line 25.
LaTeX Font Info:    ... okay on input line 25.
LaTeX Font Info:    Checking defaults for OMX/cmex/m/n on input line 25.
LaTeX Font Info:    ... okay on input line 25.
LaTeX Font Info:    Checking defaults for U/cmr/m/n on input line 25.
LaTeX Font Info:    ... okay on input line 25.
LaTeX Font Info:    Try loading font information for OT1+ptm on input line 25.
 (/usr/share/texmf-texlive/tex/latex/psnfss/ot1ptm.fd
File: ot1ptm.fd 2001/06/04 font definitions for OT1/ptm.
)
*geometry auto-detecting driver*
*geometry detected driver: pdftex*
-------------------- Geometry parameters
paper: a4paper
landscape: --
twocolumn: --
twoside: --
asymmetric: --
h-parts: 85.35826pt, 426.79135pt, 85.35826pt
v-parts: 99.58464pt, 674.33032pt, 71.13188pt
hmarginratio: --
vmarginratio: --
lines: --
heightrounded: --
bindingoffset: 0.0pt
truedimen: --
includehead: --
includefoot: --
includemp: --
driver: pdftex
-------------------- Page layout dimensions and switches
\paperwidth  597.50787pt
\paperheight 845.04684pt
\textwidth  426.79135pt
\textheight 674.33032pt
\oddsidemargin  13.08827pt
\evensidemargin 13.08827pt
\topmargin  -9.68535pt
\headheight 12.0pt
\headsep    25.0pt
\footskip   30.0pt
\marginparwidth 44.0pt
\marginparsep   10.0pt
\columnsep  10.0pt
\skip\footins  10.8pt plus 4.0pt minus 2.0pt
\hoffset 0.0pt
\voffset 0.0pt
\mag 1000

(1in=72.27pt, 1cm=28.45pt)
-----------------------
(/usr/share/texmf-texlive/tex/context/base/supp-pdf.mkii
[Loading MPS to PDF converter (version 2006.09.02).]
\scratchcounter=\count92
\scratchdimen=\dimen118
\scratchbox=\box27
\nofMPsegments=\count93
\nofMParguments=\count94
\everyMPshowfont=\toks19
\MPscratchCnt=\count95
\MPscratchDim=\dimen119
\MPnumerator=\count96
\everyMPtoPDFconversion=\toks20
)
LaTeX Font Info:    Font shape `OT1/ptm/bx/n' in size <16> not available
(Font)              Font shape `OT1/ptm/b/n' tried instead on input line 27.
LaTeX Font Info:    Font shape `OT1/ptm/bx/it' in size <16> not available
(Font)              Font shape `OT1/ptm/b/it' tried instead on input line 27.
LaTeX Font Info:    Font shape `OT1/ptm/bx/n' in size <12> not available
(Font)              Font shape `OT1/ptm/b/n' tried instead on input line 27.
LaTeX Font Info:    External font `cmex10' loaded for size
(Font)              <12> on input line 27.
LaTeX Font Info:    External font `cmex10' loaded for size
(Font)              <8> on input line 27.
LaTeX Font Info:    External font `cmex10' loaded for size
(Font)              <6> on input line 27.
LaTeX Font Info:    Try loading font information for OT1+pcr on input line 27.
 (/usr/share/texmf-texlive/tex/latex/psnfss/ot1pcr.fd
File: ot1pcr.fd 2001/06/04 font definitions for OT1/pcr.
)
Overfull \hbox (31.71028pt too wide) in paragraph at lines 27--27
 [][] 
 []

LaTeX Font Info:    Font shape `OT1/ptm/bx/it' in size <12> not available
(Font)              Font shape `OT1/ptm/b/it' tried instead on input line 29.
LaTeX Font Info:    Font shape `OT1/ptm/bx/n' in size <13> not available
(Font)              Font shape `OT1/ptm/b/n' tried instead on input line 46.
LaTeX Font Info:    Try loading font information for OMS+ptm on input line 51.
(/usr/share/texmf-texlive/tex/latex/psnfss/omsptm.fd
File: omsptm.fd 
)
LaTeX Font Info:    Font shape `OMS/ptm/m/n' in size <12> not available
(Font)              Font shape `OMS/cmsy/m/n' tried instead on input line 51.
LaTeX Font Info:    Try loading font information for OT1+phv on input line 79.

(/usr/share/texmf-texlive/tex/latex/psnfss/ot1phv.fd
File: ot1phv.fd 2001/06/04 scalable font definitions for OT1/phv.
)
LaTeX Font Info:    Font shape `OT1/phv/bx/n' in size <10> not available
(Font)              Font shape `OT1/phv/b/n' tried instead on input line 79.

<sistemas.png, id=1, 1065.9825pt x 483.8075pt>
File: sistemas.png Graphic file (type png)
 <use sistemas.png> [1

{/var/lib/texmf/fonts/map/pdftex/updmap/pdftex.map}]
<bug_linking_proccess.png, id=13, 847.165pt x 415.5525pt>
File: bug_linking_proccess.png Graphic file (type png)

<use bug_linking_proccess.png>
LaTeX Font Info:    Font shape `OT1/phv/bx/it' in size <10> not available
(Font)              Font shape `OT1/phv/b/it' tried instead on input line 122.
LaTeX Font Info:    Font shape `OT1/phv/b/it' in size <10> not available
(Font)              Font shape `OT1/phv/b/sl' tried instead on input line 122.
 [2 </home/ppires/TPs/ManutencaoEvolucaoSoftware/Projeto/Template_SBC/template-
latex/sistemas.png (PNG copy)>]
<metrics.png, id=18, 839.135pt x 596.2275pt>
File: metrics.png Graphic file (type png)
 <use metrics.png> [3 </home/ppires/TPs/ManutencaoEvolucaoSoftware/Projeto/Temp
late_SBC/template-latex/bug_linking_proccess.png (PNG copy)> </home/ppires/TPs/
ManutencaoEvolucaoSoftware/Projeto/Template_SBC/template-latex/metrics.png (PNG
 copy)>]
<jdt_bug_series_chart.png, id=23, 1216.545pt x 251.94125pt>
File: jdt_bug_series_chart.png Graphic file (type png)

<use jdt_bug_series_chart.png>
Underfull \hbox (badness 10000) in paragraph at lines 194--200
[]\OT1/ptm/m/n/12 A vers[]ao 2.0 da JDT foi lan[]ada em 27 de Junho de 2002
 []


Underfull \hbox (badness 3690) in paragraph at lines 194--200
\OT1/ptm/m/n/12 (http://archive.eclipse.org/eclipse/downloads/index.php). Essa 
data cor-re-sponde []a
 []

<jdt_zoom_20.png, id=24, 684.5575pt x 293.095pt>
File: jdt_zoom_20.png Graphic file (type png)
 <use jdt_zoom_20.png> [4 </home/ppires/TPs/ManutencaoEvolucaoSoftware/Projeto/
Template_SBC/template-latex/jdt_bug_series_chart.png (PNG copy)> </home/ppires/
TPs/ManutencaoEvolucaoSoftware/Projeto/Template_SBC/template-latex/jdt_zoom_20.
png (PNG copy)>]
Underfull \hbox (badness 6775) in paragraph at lines 227--231
[]\OT1/ptm/m/n/12 [[]] cri-aram um dataset (He-lix, dispon[]^^Pvel em
 []


Underfull \hbox (badness 1377) in paragraph at lines 227--231
\OT1/ptm/m/it/12 http://www.ict.swin.edu.au/research/projects/helix\OT1/ptm/m/n
/12 ) com informa[][]oes tem-po-rais so-bre
 []


(/home/ppires/TPs/ManutencaoEvolucaoSoftware/Projeto/Template_SBC/template-late
x/sbc-template.bbl) [5]
(/home/ppires/TPs/ManutencaoEvolucaoSoftware/Projeto/Template_SBC/template-late
x/sbc-template.aux) ) 
Here is how much of TeX's memory you used:
 2061 strings out of 495061
 28529 string characters out of 1182621
 84361 words of memory out of 3000000
 5216 multiletter control sequences out of 15000+50000
 26006 words of font info for 50 fonts, out of 3000000 for 9000
 28 hyphenation exceptions out of 8191
 31i,10n,28p,292b,308s stack positions out of 5000i,500n,10000p,200000b,50000s
{/usr/share/texmf-texlive/fonts/enc/dvips/base/8r.enc}</us
r/share/texmf-texlive/fonts/type1/public/amsfonts/cm/cmr8.pfb></usr/share/texmf
-texlive/fonts/type1/public/amsfonts/cm/cmsy10.pfb></usr/share/texmf-texlive/fo
nts/type1/urw/courier/ucrr8a.pfb></usr/share/texmf-texlive/fonts/type1/urw/helv
etic/uhvb8a.pfb></usr/share/texmf-texlive/fonts/type1/urw/helvetic/uhvbo8a.pfb>
</usr/share/texmf-texlive/fonts/type1/urw/times/utmb8a.pfb></usr/share/texmf-te
xlive/fonts/type1/urw/times/utmbi8a.pfb></usr/share/texmf-texlive/fonts/type1/u
rw/times/utmr8a.pfb></usr/share/texmf-texlive/fonts/type1/urw/times/utmri8a.pfb
>
Output written on sbc-template.pdf (5 pages, 395074 bytes).
PDF statistics:
 60 PDF objects out of 1000 (max. 8388607)
 0 named destinations out of 1000 (max. 500000)
 26 words of extra memory for PDF output out of 10000 (max. 10000000)

